<?xml version="1.0" encoding="UTF-8"?>
<!-- Generated by org.testng.reporters.JUnitReportReporter -->
<testsuite hostname="LAPTOP-LIP92R15" failures="0" tests="1" name="com.autodesk.demo.create.LoginVtigerTest" time="15.478" errors="0" timestamp="2022-03-23T14:51:29 IST" skipped="0">
  <testcase classname="com.autodesk.demo.create.LoginVtigerTest" name="loginVtiger" time="15.478"/>
  <system-out/>
</testsuite> <!-- com.autodesk.demo.create.LoginVtigerTest -->
